\BOOKMARK [0][-]{chapter.1}{\376\377\000S\000i\000m\000u\000l\000a\000t\000i\000o\000n\000\040\000o\000f\000\040\000R\000a\000n\000d\000o\000m\000\040\000V\000a\000r\000i\000a\000b\000l\000e\000s}{}% 1
\BOOKMARK [1][-]{section.1.1}{\376\377\000I\000n\000v\000e\000r\000s\000e\000\040\000C\000D\000F\000\040\000m\000e\000t\000h\000o\000d}{chapter.1}% 2
\BOOKMARK [1][-]{section.1.2}{\376\377\000R\000e\000j\000e\000c\000t\000i\000o\000n\000\040\000S\000a\000m\000p\000l\000i\000n\000g\000\040\000m\000e\000t\000h\000o\000d}{chapter.1}% 3
\BOOKMARK [2][-]{subsection.1.2.1}{\376\377\000S\000e\000l\000e\000c\000t\000i\000o\000n\000\040\000o\000f\000\040\000t\000h\000e\000\040\000e\000n\000v\000e\000l\000o\000p\000i\000n\000g\000\040\000d\000i\000s\000t\000r\000i\000b\000u\000t\000i\000o\000n}{section.1.2}% 4
\BOOKMARK [2][-]{subsection.1.2.2}{\376\377\000R\000e\000s\000u\000l\000t\000s\000\040\000o\000f\000\040\000t\000h\000e\000\040\000R\000e\000j\000e\000c\000t\000i\000o\000n\000\040\000S\000a\000m\000p\000l\000i\000n\000g\000\040\000m\000e\000t\000h\000o\000d}{section.1.2}% 5
\BOOKMARK [1][-]{section.1.3}{\376\377\000E\000m\000p\000i\000r\000i\000c\000a\000l\000\040\000v\000a\000l\000i\000d\000a\000t\000i\000o\000n\000\040\000o\000f\000\040\000i\000m\000p\000o\000r\000t\000a\000n\000t\000\040\000s\000t\000a\000t\000i\000s\000t\000i\000c\000a\000l\000\040\000l\000a\000w\000s}{chapter.1}% 6
\BOOKMARK [2][-]{subsection.1.3.1}{\376\377\000E\000m\000p\000i\000r\000i\000c\000a\000l\000\040\000v\000a\000l\000i\000d\000a\000t\000i\000o\000n\000\040\000o\000f\000\040\000t\000h\000e\000\040\000L\000a\000w\000\040\000o\000f\000\040\000L\000a\000r\000g\000e\000\040\000N\000u\000m\000b\000e\000r\000s}{section.1.3}% 7
\BOOKMARK [2][-]{subsection.1.3.2}{\376\377\000E\000m\000p\000i\000r\000i\000c\000a\000l\000\040\000V\000a\000l\000i\000d\000a\000t\000i\000o\000n\000\040\000o\000f\000\040\000t\000h\000e\000\040\000C\000e\000n\000t\000r\000a\000l\000\040\000L\000i\000m\000i\000t\000\040\000T\000h\000e\000o\000r\000e\000m}{section.1.3}% 8
\BOOKMARK [1][-]{section.1.4}{\376\377\000V\000a\000r\000i\000a\000n\000c\000e\000\040\000r\000e\000d\000u\000c\000t\000i\000o\000n\000\040\000t\000e\000c\000h\000n\000i\000q\000u\000e\000s}{chapter.1}% 9
\BOOKMARK [2][-]{subsection.1.4.1}{\376\377\000P\000r\000e\000l\000i\000m\000i\000n\000a\000r\000i\000e\000s}{section.1.4}% 10
\BOOKMARK [2][-]{subsection.1.4.2}{\376\377\000C\000o\000n\000t\000r\000o\000l\000\040\000v\000a\000r\000i\000a\000t\000e\000s}{section.1.4}% 11
\BOOKMARK [2][-]{subsection.1.4.3}{\376\377\000I\000m\000p\000o\000r\000t\000a\000n\000c\000e\000\040\000s\000a\000m\000p\000l\000i\000n\000g}{section.1.4}% 12
\BOOKMARK [2][-]{subsection.1.4.4}{\376\377\000S\000t\000r\000a\000t\000i\000f\000i\000e\000d\000\040\000s\000a\000m\000p\000l\000i\000n\000g}{section.1.4}% 13
\BOOKMARK [2][-]{subsection.1.4.5}{\376\377\000A\000n\000t\000i\000t\000h\000e\000t\000i\000c\000\040\000v\000a\000r\000i\000a\000t\000e\000s}{section.1.4}% 14
\BOOKMARK [2][-]{subsection.1.4.6}{\376\377\000C\000o\000m\000p\000a\000r\000a\000t\000i\000v\000e\000\040\000R\000e\000v\000i\000e\000w}{section.1.4}% 15
\BOOKMARK [0][-]{chapter.2}{\376\377\000H\000a\000m\000i\000l\000t\000o\000n\000i\000a\000n\000\040\000d\000y\000n\000a\000m\000i\000c\000s}{}% 16
\BOOKMARK [1][-]{section.2.1}{\376\377\000I\000n\000t\000r\000o\000d\000u\000c\000t\000i\000o\000n\000\040\000t\000o\000\040\000H\000a\000m\000i\000l\000t\000o\000n\000i\000a\000n\000\040\000d\000y\000n\000a\000m\000i\000c\000s}{chapter.2}% 17
\BOOKMARK [1][-]{section.2.2}{\376\377\000S\000y\000m\000p\000l\000e\000c\000t\000i\000c\000\040\000s\000c\000h\000e\000m\000e\000s}{chapter.2}% 18
\BOOKMARK [2][-]{subsection.2.2.1}{\376\377\000A\000n\000a\000l\000y\000t\000i\000c\000a\000l\000\040\000s\000o\000l\000u\000t\000i\000o\000n}{section.2.2}% 19
\BOOKMARK [2][-]{subsection.2.2.2}{\376\377\000E\000u\000l\000e\000r\000\040\000m\000e\000t\000h\000o\000d}{section.2.2}% 20
\BOOKMARK [2][-]{subsection.2.2.3}{\376\377\000F\000a\000i\000l\000u\000r\000e\000\040\000o\000f\000\040\000s\000t\000a\000n\000d\000a\000r\000d\000\040\000m\000e\000t\000h\000o\000d\000s}{section.2.2}% 21
\BOOKMARK [2][-]{subsection.2.2.4}{\376\377\000C\000o\000n\000s\000t\000r\000u\000c\000t\000i\000n\000g\000\040\000S\000y\000m\000p\000l\000e\000c\000t\000i\000c\000\040\000S\000c\000h\000e\000m\000e\000s}{section.2.2}% 22
\BOOKMARK [2][-]{subsection.2.2.5}{\376\377\000S\000y\000m\000p\000l\000e\000c\000t\000i\000c\000\040\000E\000u\000l\000e\000r\000\040\000m\000e\000t\000h\000o\000d}{section.2.2}% 23
\BOOKMARK [3][-]{subsubsection.2.2.5.1}{\376\377\000L\000i\000n\000e\000a\000r\000\040\000S\000t\000a\000b\000i\000l\000i\000t\000y\000\040\000A\000n\000a\000l\000y\000s\000i\000s\000\040\000o\000f\000\040\000t\000h\000e\000\040\000S\000y\000m\000p\000l\000e\000t\000i\000c\000\040\000E\000u\000l\000e\000r\000\040\000S\000c\000h\000e\000m\000e}{subsection.2.2.5}% 24
\BOOKMARK [2][-]{subsection.2.2.6}{\376\377\000S\000t\000o\000r\000m\000e\000r\000-\000V\000e\000r\000l\000e\000t\000\040\000m\000e\000t\000h\000o\000d}{section.2.2}% 25
\BOOKMARK [3][-]{subsubsection.2.2.6.1}{\376\377\000L\000i\000n\000e\000a\000r\000\040\000S\000t\000a\000b\000i\000l\000i\000t\000y\000\040\000A\000n\000a\000l\000y\000s\000i\000s\000\040\000o\000f\000\040\000t\000h\000e\000\040\000V\000e\000r\000l\000e\000t\000\040\000S\000c\000h\000e\000m\000e}{subsection.2.2.6}% 26
\BOOKMARK [1][-]{section.2.3}{\376\377\000S\000o\000l\000a\000r\000\040\000S\000y\000s\000t\000e\000m\000\040\000S\000i\000m\000u\000l\000a\000t\000i\000o\000n}{chapter.2}% 27
\BOOKMARK [2][-]{subsection.2.3.1}{\376\377\000M\000o\000d\000e\000l\000i\000n\000g\000\040\000t\000h\000e\000\040\000S\000o\000l\000a\000r\000\040\000S\000y\000s\000t\000e\000m\000:\000\040\000G\000r\000a\000v\000i\000t\000a\000t\000i\000o\000n\000a\000l\000\040\000D\000y\000n\000a\000m\000i\000c\000s}{section.2.3}% 28
\BOOKMARK [2][-]{subsection.2.3.2}{\376\377\000S\000t\000\366\000r\000m\000e\000r\000-\000V\000e\000r\000l\000e\000t\000\040\000S\000c\000h\000e\000m\000e\000\040\000f\000o\000r\000\040\000G\000r\000a\000v\000i\000t\000a\000t\000i\000o\000n\000a\000l\000\040\000D\000y\000n\000a\000m\000i\000c\000s}{section.2.3}% 29
\BOOKMARK [2][-]{subsection.2.3.3}{\376\377\000I\000m\000p\000l\000e\000m\000e\000n\000t\000a\000t\000i\000o\000n\000\040\000o\000f\000\040\000t\000h\000e\000\040\000S\000o\000l\000a\000r\000\040\000S\000y\000s\000t\000e\000m\000\040\000S\000i\000m\000u\000l\000a\000t\000i\000o\000n}{section.2.3}% 30
\BOOKMARK [3][-]{subsubsection.2.3.3.1}{\376\377\000E\000x\000p\000e\000r\000i\000m\000e\000n\000t\000\040\0001\000:\000\040\000E\000x\000p\000a\000n\000d\000i\000n\000g\000\040\000t\000o\000\040\000t\000h\000e\000\040\000N\000-\000B\000o\000d\000y\000\040\000P\000r\000o\000b\000l\000e\000m}{subsection.2.3.3}% 31
\BOOKMARK [3][-]{subsubsection.2.3.3.2}{\376\377\000E\000x\000p\000e\000r\000i\000m\000e\000n\000t\000\040\0002\000:\000\040\000U\000s\000i\000n\000g\000\040\000S\000y\000m\000p\000l\000e\000c\000t\000i\000c\000\040\000E\000u\000l\000e\000r\000\040\000M\000e\000t\000h\000o\000d}{subsection.2.3.3}% 32
\BOOKMARK [0][-]{chapter.3}{\376\377\000M\000a\000r\000k\000o\000v\000\040\000C\000h\000a\000i\000n\000s\000\040\000a\000n\000d\000\040\000t\000h\000e\000i\000r\000\040\000A\000p\000p\000l\000i\000c\000a\000t\000i\000o\000n\000s}{}% 33
\BOOKMARK [1][-]{section.3.1}{\376\377\000I\000n\000t\000r\000o\000d\000u\000c\000t\000i\000o\000n\000\040\000t\000o\000\040\000M\000a\000r\000k\000o\000v\000\040\000C\000h\000a\000i\000n\000s}{chapter.3}% 34
\BOOKMARK [2][-]{subsection.3.1.1}{\376\377\000S\000t\000a\000t\000i\000o\000n\000a\000r\000y\000\040\000D\000i\000s\000t\000r\000i\000b\000u\000t\000i\000o\000n}{section.3.1}% 35
\BOOKMARK [2][-]{subsection.3.1.2}{\376\377\000E\000r\000g\000o\000d\000i\000c\000\040\000T\000h\000e\000o\000r\000e\000m}{section.3.1}% 36
\BOOKMARK [2][-]{subsection.3.1.3}{\376\377\000I\000r\000r\000e\000d\000u\000c\000i\000b\000i\000l\000i\000t\000y\000\040\000a\000n\000d\000\040\000U\000n\000i\000q\000u\000e\000n\000e\000s\000s}{section.3.1}% 37
\BOOKMARK [1][-]{section.3.2}{\376\377\000M\000a\000r\000k\000o\000v\000\040\000C\000h\000a\000i\000n\000\040\000M\000o\000n\000t\000e\000\040\000C\000a\000r\000l\000o\000\040\000M\000e\000t\000h\000o\000d\000s}{chapter.3}% 38
\BOOKMARK [2][-]{subsection.3.2.1}{\376\377\000M\000e\000t\000r\000o\000p\000o\000l\000i\000s\000-\000H\000a\000s\000t\000i\000n\000g\000s\000\040\000A\000l\000g\000o\000r\000i\000t\000h\000m}{section.3.2}% 39
\BOOKMARK [3][-]{subsubsection.3.2.1.1}{\376\377\000E\000x\000a\000m\000p\000l\000e\000:\000\040\000S\000a\000m\000p\000l\000i\000n\000g\000\040\000f\000r\000o\000m\000\040\000a\000\040\000G\000a\000m\000m\000a\000\040\000D\000i\000s\000t\000r\000i\000b\000u\000t\000i\000o\000n}{subsection.3.2.1}% 40
\BOOKMARK [2][-]{subsection.3.2.2}{\376\377\000G\000i\000b\000b\000s\000\040\000S\000a\000m\000p\000l\000i\000n\000g}{section.3.2}% 41
\BOOKMARK [3][-]{subsubsection.3.2.2.1}{\376\377\000E\000x\000a\000m\000p\000l\000e\000:\000\040\000S\000a\000m\000p\000l\000i\000n\000g\000\040\000f\000r\000o\000m\000\040\000a\000\040\000B\000i\000v\000a\000r\000i\000a\000t\000e\000\040\000N\000o\000r\000m\000a\000l\000\040\000D\000i\000s\000t\000r\000i\000b\000u\000t\000i\000o\000n}{subsection.3.2.2}% 42
\BOOKMARK [2][-]{subsection.3.2.3}{\376\377\000M\000\374\000l\000l\000e\000r\000-\000B\000r\000o\000w\000n\000\040\000P\000o\000t\000e\000n\000t\000i\000a\000l}{section.3.2}% 43
\BOOKMARK [3][-]{subsubsection.3.2.3.1}{\376\377\000B\000o\000l\000t\000z\000m\000a\000n\000n\000\040\000D\000i\000s\000t\000r\000i\000b\000u\000t\000i\000o\000n}{subsection.3.2.3}% 44
\BOOKMARK [3][-]{subsubsection.3.2.3.2}{\376\377\000M\000e\000t\000r\000o\000p\000o\000l\000i\000s\000-\000H\000a\000s\000t\000i\000n\000g\000s\000\040\000A\000l\000g\000o\000r\000i\000t\000h\000m\000\040\000f\000o\000r\000\040\000t\000h\000e\000\040\000M\000\374\000l\000l\000e\000r\000-\000B\000r\000o\000w\000n\000\040\000P\000o\000t\000e\000n\000t\000i\000a\000l}{subsection.3.2.3}% 45
\BOOKMARK [3][-]{subsubsection.3.2.3.3}{\376\377\000G\000i\000b\000b\000s\000\040\000S\000a\000m\000p\000l\000i\000n\000g\000\040\000A\000l\000g\000o\000r\000i\000t\000h\000m\000\040\000f\000o\000r\000\040\000t\000h\000e\000\040\000M\000\374\000l\000l\000e\000r\000-\000B\000r\000o\000w\000n\000\040\000P\000o\000t\000e\000n\000t\000i\000a\000l}{subsection.3.2.3}% 46
\BOOKMARK [3][-]{subsubsection.3.2.3.4}{\376\377\000C\000o\000m\000p\000a\000r\000i\000s\000o\000n\000\040\000b\000e\000t\000w\000e\000e\000n\000\040\000M\000e\000t\000r\000o\000p\000o\000l\000i\000s\000-\000H\000a\000s\000t\000i\000n\000g\000s\000\040\000a\000n\000d\000\040\000G\000i\000b\000b\000s\000\040\000S\000a\000m\000p\000l\000i\000n\000g}{subsection.3.2.3}% 47
\BOOKMARK [1][-]{section.3.3}{\376\377\000M\000o\000l\000e\000c\000u\000l\000a\000r\000\040\000S\000y\000s\000t\000e\000m\000\040\000S\000i\000m\000u\000l\000a\000t\000i\000o\000n}{chapter.3}% 48
\BOOKMARK [2][-]{subsection.3.3.1}{\376\377\000T\000h\000e\000o\000r\000e\000t\000i\000c\000a\000l\000\040\000F\000r\000a\000m\000e\000w\000o\000r\000k\000\040\000a\000n\000d\000\040\000L\000e\000n\000n\000a\000r\000d\000-\000J\000o\000n\000e\000s\000\040\000P\000o\000t\000e\000n\000t\000i\000a\000l}{section.3.3}% 49
\BOOKMARK [2][-]{subsection.3.3.2}{\376\377\000I\000m\000p\000l\000e\000m\000e\000n\000t\000a\000t\000i\000o\000n\000\040\000o\000f\000\040\000t\000h\000e\000\040\000m\000o\000d\000e\000l}{section.3.3}% 50
\BOOKMARK [3][-]{subsubsection.3.3.2.1}{\376\377\000I\000m\000p\000l\000e\000m\000e\000n\000t\000a\000t\000i\000o\000n\000\040\0002\000D\000\040\000u\000s\000i\000n\000g\000\040\000t\000h\000e\000\040\000M\000e\000t\000r\000o\000p\000o\000l\000i\000s\000-\000H\000a\000s\000t\000i\000n\000g\000s\000\040\000a\000l\000g\000o\000r\000i\000t\000h\000m}{subsection.3.3.2}% 51
\BOOKMARK [3][-]{subsubsection.3.3.2.2}{\376\377\000I\000m\000p\000l\000e\000m\000e\000n\000t\000a\000t\000i\000o\000n\000\040\0003\000D\000\040\000u\000s\000i\000n\000g\000\040\000t\000h\000e\000\040\000G\000i\000b\000b\000s\000\040\000S\000a\000m\000p\000l\000i\000n\000g\000\040\000a\000l\000g\000o\000r\000i\000t\000h\000m}{subsection.3.3.2}% 52
